[ 2022-01-01T16:47:40+08:00 ] 127.0.0.1 /
NOTIC: [2] preg_replace(): The /e modifier is no longer supported, use preg_replace_callback instead D:\phpstudy_pro\WWW\game\ThinkPHP\Common\common.php 第 217 行.
INFO: [ app_begin ] --START--
INFO: ReadHtmlCache Behavior ::run [ RunTime:0.000583s ]
INFO: [ app_begin ] --END-- [ RunTime:0.000622s ]
NOTIC: [8] Undefined variable: group D:\phpstudy_pro\WWW\game\ThinkPHP\Lib\Core\App.class.php 第 102 行.
ERR: 无法加载模块:

[ 2022-01-01T16:49:57+08:00 ] 127.0.0.1 /
NOTIC: [2] preg_replace(): The /e modifier is no longer supported, use preg_replace_callback instead D:\phpstudy_pro\WWW\game\ThinkPHP\Common\common.php 第 217 行.
INFO: [ app_begin ] --START--
INFO: ReadHtmlCache Behavior ::run [ RunTime:0.000263s ]
INFO: [ app_begin ] --END-- [ RunTime:0.000285s ]
NOTIC: [8] Undefined variable: group D:\phpstudy_pro\WWW\game\ThinkPHP\Lib\Core\App.class.php 第 102 行.
ERR: 无法加载模块:

[ 2022-01-01T16:49:58+08:00 ] 127.0.0.1 /
NOTIC: [2] preg_replace(): The /e modifier is no longer supported, use preg_replace_callback instead D:\phpstudy_pro\WWW\game\ThinkPHP\Common\common.php 第 217 行.
INFO: [ app_begin ] --START--
INFO: ReadHtmlCache Behavior ::run [ RunTime:0.000176s ]
INFO: [ app_begin ] --END-- [ RunTime:0.000191s ]
NOTIC: [8] Undefined variable: group D:\phpstudy_pro\WWW\game\ThinkPHP\Lib\Core\App.class.php 第 102 行.
ERR: 无法加载模块:

[ 2022-01-01T16:50:21+08:00 ] 127.0.0.1 /
NOTIC: [2] preg_replace(): The /e modifier is no longer supported, use preg_replace_callback instead D:\phpstudy_pro\WWW\game\ThinkPHP\Common\common.php 第 217 行.
INFO: [ app_begin ] --START--
INFO: ReadHtmlCache Behavior ::run [ RunTime:0.000393s ]
INFO: [ app_begin ] --END-- [ RunTime:0.000423s ]
NOTIC: [8] Undefined variable: group D:\phpstudy_pro\WWW\game\ThinkPHP\Lib\Core\App.class.php 第 102 行.

[ 2022-01-01T16:50:44+08:00 ] 127.0.0.1 /
NOTIC: [2] preg_replace(): The /e modifier is no longer supported, use preg_replace_callback instead D:\phpstudy_pro\WWW\game\ThinkPHP\Common\common.php 第 217 行.
INFO: [ app_begin ] --START--
INFO: ReadHtmlCache Behavior ::run [ RunTime:0.000220s ]
INFO: [ app_begin ] --END-- [ RunTime:0.000239s ]
NOTIC: [8] Undefined variable: group D:\phpstudy_pro\WWW\game\ThinkPHP\Lib\Core\App.class.php 第 102 行.

[ 2022-01-01T16:50:59+08:00 ] 127.0.0.1 /
NOTIC: [2] preg_replace(): The /e modifier is no longer supported, use preg_replace_callback instead D:\phpstudy_pro\WWW\game\ThinkPHP\Common\common.php 第 217 行.
INFO: [ app_begin ] --START--
INFO: ReadHtmlCache Behavior ::run [ RunTime:0.000234s ]
INFO: [ app_begin ] --END-- [ RunTime:0.000254s ]
NOTIC: [8] Undefined variable: group D:\phpstudy_pro\WWW\game\ThinkPHP\Lib\Core\App.class.php 第 102 行.
ERR: 无法加载模块:

[ 2022-01-01T16:51:09+08:00 ] 127.0.0.1 /
NOTIC: [2] preg_replace(): The /e modifier is no longer supported, use preg_replace_callback instead D:\phpstudy_pro\WWW\game\ThinkPHP\Common\common.php 第 217 行.
INFO: [ app_begin ] --START--
INFO: ReadHtmlCache Behavior ::run [ RunTime:0.000207s ]
INFO: [ app_begin ] --END-- [ RunTime:0.000225s ]
NOTIC: [8] Undefined variable: group D:\phpstudy_pro\WWW\game\ThinkPHP\Lib\Core\App.class.php 第 102 行.

[ 2022-01-01T16:51:47+08:00 ] 127.0.0.1 /index
INFO: [ route_check ] --START--
INFO: CheckRoute Behavior ::run [ RunTime:0.000429s ]
INFO: [ route_check ] --END-- [ RunTime:0.000458s ]
NOTIC: [2] preg_replace(): The /e modifier is no longer supported, use preg_replace_callback instead D:\phpstudy_pro\WWW\game\ThinkPHP\Lib\Core\Dispatcher.class.php 第 132 行.
NOTIC: [2] preg_replace(): The /e modifier is no longer supported, use preg_replace_callback instead D:\phpstudy_pro\WWW\game\ThinkPHP\Common\common.php 第 217 行.
INFO: [ app_begin ] --START--
INFO: ReadHtmlCache Behavior ::run [ RunTime:0.000328s ]
INFO: [ app_begin ] --END-- [ RunTime:0.000341s ]
NOTIC: [8] Undefined variable: group D:\phpstudy_pro\WWW\game\ThinkPHP\Lib\Core\App.class.php 第 102 行.
ERR: 无法加载模块:

